<?xml version="1.0" encoding="UTF-8"?>
<testsuite xmlns:xsi="http://www.w3.org/2001/XMLSchema-instance" xsi:noNamespaceSchemaLocation="https://maven.apache.org/surefire/maven-surefire-plugin/xsd/surefire-test-report-3.0.xsd" version="3.0" name="com.optimization.OrderAndPayOptTest" time="0.027" tests="5" errors="0" skipped="0" failures="0">
  <properties>
[...]
</properties>
  <testcase name="optimizeOrder_noPointsAndCardLimitToPay_shouldReturnNull" classname="com.optimization.OrderAndPayOptTest" time="0.014"/>
  <testcase name="validateArguemnts_zeroArgumentShouldThrowException" classname="com.optimization.OrderAndPayOptTest" time="0.002"/>
  <testcase name="validateArguemnts_twoArgumentShouldNotThrowException" classname="com.optimization.OrderAndPayOptTest" time="0.001"/>
  <testcase name="validateArguemnts_oneArgumentShouldThrowException" classname="com.optimization.OrderAndPayOptTest" time="0.001"/>
  <testcase name="optimizeOrder_partialPointsAndAnyCardPayment" classname="com.optimization.OrderAndPayOptTest" time="0.001"/>
</testsuite>